<?xml version="1.0" encoding="UTF-8"?>
<!-- Generated by org.testng.reporters.JUnitXMLReporter -->
<testsuite ignored="0" hostname="LAPTOP-K0R6BKBH" failures="0" tests="3" name="Default test" time="169.367" errors="0" timestamp="2024-05-20T16:42:58 IST">
  <testcase classname="com.crm.qa.testcases.ContactsPageTest" name="verifyContactsPageLabel" time="0.054"/>
  <testcase classname="com.crm.qa.testcases.ContactsPageTest" name="selectSingleContactsTest" time="0.102"/>
  <testcase classname="com.crm.qa.testcases.ContactsPageTest" name="selectsMultipleContactsTest" time="0.217"/>
</testsuite> <!-- Default test -->
