<?xml version="1.0" encoding="UTF-8"?>
<testng-results ignored="0" total="3" passed="3" failed="0" skipped="0">
  <reporter-output>
  </reporter-output>
  <suite started-at="2024-05-20T16:40:08 IST" name="Default suite" finished-at="2024-05-20T16:42:58 IST" duration-ms="169367">
    <groups>
    </groups>
    <test started-at="2024-05-20T16:40:08 IST" name="Default test" finished-at="2024-05-20T16:42:58 IST" duration-ms="169367">
      <class name="com.crm.qa.testcases.ContactsPageTest">
        <test-method is-config="true" signature="setUp()[pri:0, instance:com.crm.qa.testcases.ContactsPageTest@1e6a3214]" started-at="2024-05-20T16:40:08 IST" name="setUp" finished-at="2024-05-20T16:40:50 IST" duration-ms="41161" status="PASS">
          <reporter-output>
          </reporter-output>
        </test-method> <!-- setUp -->
        <test-method signature="verifyContactsPageLabel()[pri:1, instance:com.crm.qa.testcases.ContactsPageTest@1e6a3214]" started-at="2024-05-20T16:40:50 IST" name="verifyContactsPageLabel" finished-at="2024-05-20T16:40:50 IST" duration-ms="54" status="PASS">
          <reporter-output>
          </reporter-output>
        </test-method> <!-- verifyContactsPageLabel -->
        <test-method is-config="true" signature="tearDown()[pri:0, instance:com.crm.qa.testcases.ContactsPageTest@1e6a3214]" started-at="2024-05-20T16:40:50 IST" name="tearDown" finished-at="2024-05-20T16:40:50 IST" duration-ms="0" status="PASS">
          <reporter-output>
          </reporter-output>
        </test-method> <!-- tearDown -->
        <test-method is-config="true" signature="setUp()[pri:0, instance:com.crm.qa.testcases.ContactsPageTest@1e6a3214]" started-at="2024-05-20T16:40:50 IST" name="setUp" finished-at="2024-05-20T16:41:48 IST" duration-ms="57887" status="PASS">
          <reporter-output>
          </reporter-output>
        </test-method> <!-- setUp -->
        <test-method signature="selectSingleContactsTest()[pri:2, instance:com.crm.qa.testcases.ContactsPageTest@1e6a3214]" started-at="2024-05-20T16:41:48 IST" name="selectSingleContactsTest" finished-at="2024-05-20T16:41:48 IST" duration-ms="102" status="PASS">
          <reporter-output>
          </reporter-output>
        </test-method> <!-- selectSingleContactsTest -->
        <test-method is-config="true" signature="tearDown()[pri:0, instance:com.crm.qa.testcases.ContactsPageTest@1e6a3214]" started-at="2024-05-20T16:41:48 IST" name="tearDown" finished-at="2024-05-20T16:41:48 IST" duration-ms="0" status="PASS">
          <reporter-output>
          </reporter-output>
        </test-method> <!-- tearDown -->
        <test-method is-config="true" signature="setUp()[pri:0, instance:com.crm.qa.testcases.ContactsPageTest@1e6a3214]" started-at="2024-05-20T16:41:48 IST" name="setUp" finished-at="2024-05-20T16:42:58 IST" duration-ms="69879" status="PASS">
          <reporter-output>
          </reporter-output>
        </test-method> <!-- setUp -->
        <test-method signature="selectsMultipleContactsTest()[pri:3, instance:com.crm.qa.testcases.ContactsPageTest@1e6a3214]" started-at="2024-05-20T16:42:58 IST" name="selectsMultipleContactsTest" finished-at="2024-05-20T16:42:58 IST" duration-ms="217" status="PASS">
          <reporter-output>
          </reporter-output>
        </test-method> <!-- selectsMultipleContactsTest -->
        <test-method is-config="true" signature="tearDown()[pri:0, instance:com.crm.qa.testcases.ContactsPageTest@1e6a3214]" started-at="2024-05-20T16:42:58 IST" name="tearDown" finished-at="2024-05-20T16:42:58 IST" duration-ms="0" status="PASS">
          <reporter-output>
          </reporter-output>
        </test-method> <!-- tearDown -->
      </class> <!-- com.crm.qa.testcases.ContactsPageTest -->
    </test> <!-- Default test -->
  </suite> <!-- Default suite -->
</testng-results>
