<?xml version="1.0" encoding="UTF-8"?>
<testng-results ignored="0" total="3" passed="3" failed="0" skipped="0">
  <reporter-output>
  </reporter-output>
  <suite started-at="2024-03-23T09:50:22 IST" name="Default suite" finished-at="2024-03-23T09:50:55 IST" duration-ms="32929">
    <groups>
    </groups>
    <test started-at="2024-03-23T09:50:22 IST" name="Default test" finished-at="2024-03-23T09:50:55 IST" duration-ms="32929">
      <class name="com.crm.qa.testcases.LoginPageTest">
        <test-method is-config="true" signature="setUp()[pri:0, instance:com.crm.qa.testcases.LoginPageTest@1e6a3214]" started-at="2024-03-23T09:50:22 IST" name="setUp" finished-at="2024-03-23T09:50:32 IST" duration-ms="10248" status="PASS">
          <reporter-output>
          </reporter-output>
        </test-method> <!-- setUp -->
        <test-method signature="loginPageTitleTest()[pri:1, instance:com.crm.qa.testcases.LoginPageTest@1e6a3214]" started-at="2024-03-23T09:50:32 IST" name="loginPageTitleTest" finished-at="2024-03-23T09:50:32 IST" duration-ms="16" status="PASS">
          <reporter-output>
          </reporter-output>
        </test-method> <!-- loginPageTitleTest -->
        <test-method is-config="true" signature="tearDown()[pri:0, instance:com.crm.qa.testcases.LoginPageTest@1e6a3214]" started-at="2024-03-23T09:50:32 IST" name="tearDown" finished-at="2024-03-23T09:50:32 IST" duration-ms="204" status="PASS">
          <reporter-output>
          </reporter-output>
        </test-method> <!-- tearDown -->
        <test-method is-config="true" signature="setUp()[pri:0, instance:com.crm.qa.testcases.LoginPageTest@1e6a3214]" started-at="2024-03-23T09:50:32 IST" name="setUp" finished-at="2024-03-23T09:50:42 IST" duration-ms="9777" status="PASS">
          <reporter-output>
          </reporter-output>
        </test-method> <!-- setUp -->
        <test-method signature="crmLogoImageTest()[pri:2, instance:com.crm.qa.testcases.LoginPageTest@1e6a3214]" started-at="2024-03-23T09:50:42 IST" name="crmLogoImageTest" finished-at="2024-03-23T09:50:42 IST" duration-ms="46" status="PASS">
          <reporter-output>
          </reporter-output>
        </test-method> <!-- crmLogoImageTest -->
        <test-method is-config="true" signature="tearDown()[pri:0, instance:com.crm.qa.testcases.LoginPageTest@1e6a3214]" started-at="2024-03-23T09:50:42 IST" name="tearDown" finished-at="2024-03-23T09:50:42 IST" duration-ms="147" status="PASS">
          <reporter-output>
          </reporter-output>
        </test-method> <!-- tearDown -->
        <test-method is-config="true" signature="setUp()[pri:0, instance:com.crm.qa.testcases.LoginPageTest@1e6a3214]" started-at="2024-03-23T09:50:42 IST" name="setUp" finished-at="2024-03-23T09:50:53 IST" duration-ms="10163" status="PASS">
          <reporter-output>
          </reporter-output>
        </test-method> <!-- setUp -->
        <test-method signature="loginTest()[pri:3, instance:com.crm.qa.testcases.LoginPageTest@1e6a3214]" started-at="2024-03-23T09:50:53 IST" name="loginTest" finished-at="2024-03-23T09:50:55 IST" duration-ms="2114" status="PASS">
          <reporter-output>
          </reporter-output>
        </test-method> <!-- loginTest -->
        <test-method is-config="true" signature="tearDown()[pri:0, instance:com.crm.qa.testcases.LoginPageTest@1e6a3214]" started-at="2024-03-23T09:50:55 IST" name="tearDown" finished-at="2024-03-23T09:50:55 IST" duration-ms="175" status="PASS">
          <reporter-output>
          </reporter-output>
        </test-method> <!-- tearDown -->
      </class> <!-- com.crm.qa.testcases.LoginPageTest -->
    </test> <!-- Default test -->
  </suite> <!-- Default suite -->
</testng-results>
