<?xml version="1.0" encoding="UTF-8"?>
<!-- Generated by org.testng.reporters.JUnitXMLReporter -->
<testsuite ignored="0" hostname="LAPTOP-K0R6BKBH" failures="0" tests="3" name="Default test" time="32.929" errors="0" timestamp="2024-03-23T09:50:55 IST">
  <testcase classname="com.crm.qa.testcases.LoginPageTest" name="loginPageTitleTest" time="0.016"/>
  <testcase classname="com.crm.qa.testcases.LoginPageTest" name="crmLogoImageTest" time="0.046"/>
  <testcase classname="com.crm.qa.testcases.LoginPageTest" name="loginTest" time="2.114"/>
</testsuite> <!-- Default test -->
